\BOOKMARK [0][-]{chapter*.1}{\376\377\000A\000c\000k\000n\000o\000w\000l\000e\000d\000g\000m\000e\000n\000t\000s}{}% 1
\BOOKMARK [0][-]{chapter.1}{\376\377\000I\000n\000t\000r\000o\000d\000u\000c\000t\000i\000o\000n}{}% 2
\BOOKMARK [1][-]{section.1.1}{\376\377\000W\000h\000a\000t\000\040\000i\000s\000\040\000O\000p\000t\000i\000m\000i\000z\000a\000t\000i\000o\000n\000?}{chapter.1}% 3
\BOOKMARK [1][-]{section.1.2}{\376\377\000L\000e\000a\000s\000t\000\040\000S\000q\000u\000a\000r\000e\000s}{chapter.1}% 4
\BOOKMARK [1][-]{section.1.3}{\376\377\000S\000o\000l\000u\000t\000i\000o\000n\000\040\000C\000o\000n\000c\000e\000p\000t\000s\000\040\000a\000n\000d\000\040\000N\000o\000t\000a\000t\000i\000o\000n}{chapter.1}% 5
\BOOKMARK [1][-]{section.1.4}{\376\377\000\050\000O\000P\000T\000I\000O\000N\000A\000L\000\051\000\040\000I\000n\000f\000i\000m\000u\000m\000\040\000V\000e\000r\000s\000u\000s\000\040\000M\000i\000n\000i\000m\000u\000m}{chapter.1}% 6
\BOOKMARK [0][-]{chapter.2}{\376\377\000L\000i\000n\000e\000a\000r\000\040\000A\000l\000g\000e\000b\000r\000a\000\040\000R\000e\000v\000i\000e\000w}{}% 7
\BOOKMARK [1][-]{section.2.1}{\376\377\000N\000o\000r\000m\000s}{chapter.2}% 8
\BOOKMARK [2][-]{subsection.2.1.1}{\376\377\000D\000e\000f\000i\000n\000i\000t\000i\000o\000n\000s}{section.2.1}% 9
\BOOKMARK [2][-]{subsection.2.1.2}{\376\377\000I\000n\000e\000q\000u\000a\000l\000i\000t\000i\000e\000s}{section.2.1}% 10
\BOOKMARK [1][-]{section.2.2}{\376\377\000G\000r\000a\000m\000-\000S\000c\000h\000m\000i\000d\000t\000\040\000a\000n\000d\000\040\000Q\000R\000\040\000D\000e\000c\000o\000m\000p\000o\000s\000i\000t\000i\000o\000n}{chapter.2}% 11
\BOOKMARK [1][-]{section.2.3}{\376\377\000F\000u\000n\000d\000a\000m\000e\000n\000t\000a\000l\000\040\000T\000h\000e\000o\000r\000e\000m\000\040\000o\000f\000\040\000L\000i\000n\000e\000a\000r\000\040\000A\000l\000g\000e\000b\000r\000a}{chapter.2}% 12
\BOOKMARK [1][-]{section.2.4}{\376\377\000S\000y\000m\000m\000e\000t\000r\000i\000c\000\040\000M\000a\000t\000r\000i\000c\000e\000s}{chapter.2}% 13
\BOOKMARK [1][-]{section.2.5}{\376\377\000P\000r\000i\000n\000c\000i\000p\000a\000l\000\040\000C\000o\000m\000p\000o\000n\000e\000n\000t\000\040\000A\000n\000a\000l\000y\000s\000i\000s}{chapter.2}% 14
\BOOKMARK [1][-]{section.2.6}{\376\377\000S\000i\000n\000g\000u\000l\000a\000r\000\040\000V\000a\000l\000u\000e\000\040\000D\000e\000c\000o\000m\000p\000o\000s\000i\000t\000i\000o\000n}{chapter.2}% 15
\BOOKMARK [1][-]{section.2.7}{\376\377\000L\000o\000w\000-\000R\000a\000n\000k\000\040\000A\000p\000p\000r\000o\000x\000i\000m\000a\000t\000i\000o\000n}{chapter.2}% 16
\BOOKMARK [1][-]{section.2.8}{\376\377\000\050\000O\000P\000T\000I\000O\000N\000A\000L\000\051\000\040\000B\000l\000o\000c\000k\000\040\000M\000a\000t\000r\000i\000x\000\040\000I\000d\000e\000n\000t\000i\000t\000i\000e\000s}{chapter.2}% 17
\BOOKMARK [2][-]{subsection.2.8.1}{\376\377\000T\000r\000a\000n\000s\000p\000o\000s\000e\000s\000\040\000o\000f\000\040\000B\000l\000o\000c\000k\000\040\000M\000a\000t\000r\000i\000c\000e\000s}{section.2.8}% 18
\BOOKMARK [2][-]{subsection.2.8.2}{\376\377\000B\000l\000o\000c\000k\000\040\000M\000a\000t\000r\000i\000x\000\040\000P\000r\000o\000d\000u\000c\000t\000s}{section.2.8}% 19
\BOOKMARK [2][-]{subsection.2.8.3}{\376\377\000Q\000u\000a\000d\000r\000a\000t\000i\000c\000\040\000F\000o\000r\000m\000s}{section.2.8}% 20
\BOOKMARK [0][-]{chapter.3}{\376\377\000V\000e\000c\000t\000o\000r\000\040\000C\000a\000l\000c\000u\000l\000u\000s}{}% 21
\BOOKMARK [1][-]{section.3.1}{\376\377\000G\000r\000a\000d\000i\000e\000n\000t\000,\000\040\000J\000a\000c\000o\000b\000i\000a\000n\000,\000\040\000a\000n\000d\000\040\000H\000e\000s\000s\000i\000a\000n}{chapter.3}% 22
\BOOKMARK [2][-]{subsection.3.1.1}{\376\377\000P\000a\000r\000t\000i\000a\000l\000\040\000D\000e\000r\000i\000v\000a\000t\000i\000v\000e\000s}{section.3.1}% 23
\BOOKMARK [2][-]{subsection.3.1.2}{\376\377\000G\000r\000a\000d\000i\000e\000n\000t}{section.3.1}% 24
\BOOKMARK [2][-]{subsection.3.1.3}{\376\377\000J\000a\000c\000o\000b\000i\000a\000n}{section.3.1}% 25
\BOOKMARK [2][-]{subsection.3.1.4}{\376\377\000H\000e\000s\000s\000i\000a\000n}{section.3.1}% 26
\BOOKMARK [1][-]{section.3.2}{\376\377\000T\000a\000y\000l\000o\000r\000'\000s\000\040\000T\000h\000e\000o\000r\000e\000m\000s}{chapter.3}% 27
\BOOKMARK [2][-]{subsection.3.2.1}{\376\377\000T\000a\000y\000l\000o\000r\000\040\000A\000p\000p\000r\000o\000x\000i\000m\000a\000t\000i\000o\000n\000\040\000o\000f\000\040\000M\000u\000l\000t\000i\000v\000a\000r\000i\000a\000t\000e\000\040\000F\000u\000n\000c\000t\000i\000o\000n\000s}{section.3.2}% 28
\BOOKMARK [1][-]{section.3.3}{\376\377\000T\000h\000e\000\040\000M\000a\000i\000n\000\040\000T\000h\000e\000o\000r\000e\000m}{chapter.3}% 29
\BOOKMARK [1][-]{section.3.4}{\376\377\000D\000i\000r\000e\000c\000t\000i\000o\000n\000a\000l\000\040\000D\000e\000r\000i\000v\000a\000t\000i\000v\000e\000s}{chapter.3}% 30
\BOOKMARK [1][-]{section.3.5}{\376\377\000\050\000O\000P\000T\000I\000O\000N\000A\000L\000\051\000\040\000M\000a\000t\000r\000i\000x\000\040\000C\000a\000l\000c\000u\000l\000u\000s}{chapter.3}% 31
\BOOKMARK [0][-]{chapter.4}{\376\377\000L\000i\000n\000e\000a\000r\000\040\000a\000n\000d\000\040\000R\000i\000d\000g\000e\000\040\000R\000e\000g\000r\000e\000s\000s\000i\000o\000n}{}% 32
\BOOKMARK [1][-]{section.4.1}{\376\377\000I\000m\000p\000a\000c\000t\000\040\000o\000f\000\040\000P\000e\000r\000t\000u\000r\000b\000a\000t\000i\000o\000n\000s\000\040\000o\000n\000\040\000L\000i\000n\000e\000a\000r\000\040\000R\000e\000g\000r\000e\000s\000s\000i\000o\000n}{chapter.4}% 33
\BOOKMARK [1][-]{section.4.2}{\376\377\000R\000i\000d\000g\000e\000\040\000R\000e\000g\000r\000e\000s\000s\000i\000o\000n}{chapter.4}% 34
\BOOKMARK [1][-]{section.4.3}{\376\377\000P\000r\000i\000n\000c\000i\000p\000a\000l\000\040\000C\000o\000m\000p\000o\000n\000e\000n\000t\000s\000\040\000R\000e\000g\000r\000e\000s\000s\000i\000o\000n}{chapter.4}% 35
\BOOKMARK [1][-]{section.4.4}{\376\377\000T\000i\000k\000h\000o\000n\000o\000v\000\040\000R\000e\000g\000r\000e\000s\000s\000i\000o\000n}{chapter.4}% 36
\BOOKMARK [1][-]{section.4.5}{\376\377\000M\000a\000x\000i\000m\000u\000m\000\040\000L\000i\000k\000e\000l\000i\000h\000o\000o\000d\000\040\000E\000s\000t\000i\000m\000a\000t\000i\000o\000n\000\040\000\050\000M\000L\000E\000\051}{chapter.4}% 37
\BOOKMARK [1][-]{section.4.6}{\376\377\000M\000a\000x\000i\000m\000u\000m\000\040\000A\000\040\000P\000o\000s\000t\000e\000r\000i\000o\000r\000i\000\040\000E\000s\000t\000i\000m\000a\000t\000i\000o\000n\000\040\000\050\000M\000A\000P\000\051}{chapter.4}% 38
\BOOKMARK [0][-]{chapter.5}{\376\377\000C\000o\000n\000v\000e\000x\000i\000t\000y}{}% 39
\BOOKMARK [1][-]{section.5.1}{\376\377\000C\000o\000n\000v\000e\000x\000\040\000S\000e\000t\000s}{chapter.5}% 40
\BOOKMARK [2][-]{subsection.5.1.1}{\376\377\000B\000a\000s\000i\000c\000s}{section.5.1}% 41
\BOOKMARK [2][-]{subsection.5.1.2}{\376\377\000H\000y\000p\000e\000r\000p\000l\000a\000n\000e\000s\000\040\000a\000n\000d\000\040\000H\000a\000l\000f\000-\000S\000p\000a\000c\000e\000s}{section.5.1}% 42
\BOOKMARK [2][-]{subsection.5.1.3}{\376\377\000\050\000O\000P\000T\000I\000O\000N\000A\000L\000\051\000\040\000C\000o\000n\000e\000s}{section.5.1}% 43
\BOOKMARK [1][-]{section.5.2}{\376\377\000C\000o\000n\000v\000e\000x\000\040\000F\000u\000n\000c\000t\000i\000o\000n\000s}{chapter.5}% 44
\BOOKMARK [2][-]{subsection.5.2.1}{\376\377\000A\000f\000f\000i\000n\000e\000\040\000F\000u\000n\000c\000t\000i\000o\000n\000s}{section.5.2}% 45
\BOOKMARK [1][-]{section.5.3}{\376\377\000C\000o\000n\000v\000e\000x\000\040\000O\000p\000t\000i\000m\000i\000z\000a\000t\000i\000o\000n\000\040\000P\000r\000o\000b\000l\000e\000m\000s}{chapter.5}% 46
\BOOKMARK [1][-]{section.5.4}{\376\377\000S\000o\000l\000v\000i\000n\000g\000\040\000C\000o\000n\000v\000e\000x\000\040\000O\000p\000t\000i\000m\000i\000z\000a\000t\000i\000o\000n\000\040\000P\000r\000o\000b\000l\000e\000m\000s}{chapter.5}% 47
\BOOKMARK [1][-]{section.5.5}{\376\377\000P\000r\000o\000b\000l\000e\000m\000\040\000T\000r\000a\000n\000s\000f\000o\000r\000m\000a\000t\000i\000o\000n\000s}{chapter.5}% 48
\BOOKMARK [0][-]{chapter.6}{\376\377\000G\000r\000a\000d\000i\000e\000n\000t\000\040\000D\000e\000s\000c\000e\000n\000t}{}% 49
\BOOKMARK [1][-]{section.6.1}{\376\377\000S\000t\000r\000o\000n\000g\000\040\000C\000o\000n\000v\000e\000x\000i\000t\000y\000\040\000a\000n\000d\000\040\000S\000m\000o\000o\000t\000h\000n\000e\000s\000s}{chapter.6}% 50
\BOOKMARK [1][-]{section.6.2}{\376\377\000G\000r\000a\000d\000i\000e\000n\000t\000\040\000D\000e\000s\000c\000e\000n\000t}{chapter.6}% 51
\BOOKMARK [2][-]{subsection.6.2.1}{\376\377\000S\000e\000a\000r\000c\000h\000\040\000D\000i\000r\000e\000c\000t\000i\000o\000n}{section.6.2}% 52
\BOOKMARK [2][-]{subsection.6.2.2}{\376\377\000C\000o\000n\000v\000e\000r\000g\000e\000n\000c\000e\000\040\000A\000n\000a\000l\000y\000s\000i\000s\000\040\000o\000f\000\040\000G\000r\000a\000d\000i\000e\000n\000t\000\040\000D\000e\000s\000c\000e\000n\000t}{section.6.2}% 53
\BOOKMARK [1][-]{section.6.3}{\376\377\000V\000a\000r\000i\000a\000t\000i\000o\000n\000s\000:\000\040\000S\000t\000o\000c\000h\000a\000s\000t\000i\000c\000\040\000G\000r\000a\000d\000i\000e\000n\000t\000\040\000D\000e\000s\000c\000e\000n\000t}{chapter.6}% 54
\BOOKMARK [1][-]{section.6.4}{\376\377\000V\000a\000r\000i\000a\000t\000i\000o\000n\000s\000:\000\040\000G\000r\000a\000d\000i\000e\000n\000t\000\040\000D\000e\000s\000c\000e\000n\000t\000\040\000f\000o\000r\000\040\000C\000o\000n\000s\000t\000r\000a\000i\000n\000e\000d\000\040\000O\000p\000t\000i\000m\000i\000z\000a\000t\000i\000o\000n}{chapter.6}% 55
\BOOKMARK [2][-]{subsection.6.4.1}{\376\377\000P\000r\000o\000j\000e\000c\000t\000e\000d\000\040\000G\000r\000a\000d\000i\000e\000n\000t\000\040\000D\000e\000s\000c\000e\000n\000t}{section.6.4}% 56
\BOOKMARK [2][-]{subsection.6.4.2}{\376\377\000C\000o\000n\000d\000i\000t\000i\000o\000n\000a\000l\000\040\000G\000r\000a\000d\000i\000e\000n\000t\000\040\000D\000e\000s\000c\000e\000n\000t\000\040\000\050\000F\000r\000a\000n\000k\000-\000W\000o\000l\000f\000e\000\051}{section.6.4}% 57
\BOOKMARK [0][-]{chapter.7}{\376\377\000D\000u\000a\000l\000i\000t\000y}{}% 58
\BOOKMARK [1][-]{section.7.1}{\376\377\000L\000a\000g\000r\000a\000n\000g\000i\000a\000n}{chapter.7}% 59
\BOOKMARK [1][-]{section.7.2}{\376\377\000W\000e\000a\000k\000\040\000D\000u\000a\000l\000i\000t\000y}{chapter.7}% 60
\BOOKMARK [1][-]{section.7.3}{\376\377\000S\000t\000r\000o\000n\000g\000\040\000D\000u\000a\000l\000i\000t\000y}{chapter.7}% 61
\BOOKMARK [1][-]{section.7.4}{\376\377\000K\000a\000r\000u\000s\000h\000-\000K\000u\000h\000n\000-\000T\000u\000c\000k\000e\000r\000\040\000\050\000K\000K\000T\000\051\000\040\000C\000o\000n\000d\000i\000t\000i\000o\000n\000s}{chapter.7}% 62
\BOOKMARK [0][-]{chapter.8}{\376\377\000T\000y\000p\000e\000s\000\040\000o\000f\000\040\000O\000p\000t\000i\000m\000i\000z\000a\000t\000i\000o\000n\000\040\000P\000r\000o\000b\000l\000e\000m\000s}{}% 63
\BOOKMARK [1][-]{section.8.1}{\376\377\000L\000i\000n\000e\000a\000r\000\040\000P\000r\000o\000g\000r\000a\000m\000s}{chapter.8}% 64
\BOOKMARK [1][-]{section.8.2}{\376\377\000Q\000u\000a\000d\000r\000a\000t\000i\000c\000\040\000P\000r\000o\000g\000r\000a\000m\000s}{chapter.8}% 65
\BOOKMARK [1][-]{section.8.3}{\376\377\000Q\000u\000a\000d\000r\000a\000t\000i\000c\000a\000l\000l\000y\000-\000C\000o\000n\000s\000t\000r\000a\000i\000n\000e\000d\000\040\000Q\000u\000a\000d\000r\000a\000t\000i\000c\000\040\000P\000r\000o\000g\000r\000a\000m\000s}{chapter.8}% 66
\BOOKMARK [1][-]{section.8.4}{\376\377\000S\000e\000c\000o\000n\000d\000-\000O\000r\000d\000e\000r\000\040\000C\000o\000n\000e\000\040\000P\000r\000o\000g\000r\000a\000m\000s}{chapter.8}% 67
\BOOKMARK [1][-]{section.8.5}{\376\377\000\050\000O\000P\000T\000I\000O\000N\000A\000L\000\051\000\040\000S\000e\000m\000i\000d\000e\000f\000i\000n\000i\000t\000e\000\040\000P\000r\000o\000g\000r\000a\000m\000m\000i\000n\000g}{chapter.8}% 68
\BOOKMARK [1][-]{section.8.6}{\376\377\000G\000e\000n\000e\000r\000a\000l\000\040\000T\000a\000x\000o\000n\000o\000m\000y}{chapter.8}% 69
\BOOKMARK [0][-]{chapter.9}{\376\377\000R\000e\000g\000u\000l\000a\000r\000i\000z\000a\000t\000i\000o\000n\000\040\000a\000n\000d\000\040\000S\000p\000a\000r\000s\000i\000t\000y}{}% 70
\BOOKMARK [1][-]{section.9.1}{\376\377\000R\000i\000d\000g\000e\000\040\000R\000e\000g\000r\000e\000s\000s\000i\000o\000n\000\040\000a\000n\000d\000\040\000L\000A\000S\000S\000O}{chapter.9}% 71
\BOOKMARK [1][-]{section.9.2}{\376\377\000U\000n\000d\000e\000r\000s\000t\000a\000n\000d\000i\000n\000g\000\040\0002\000-\000N\000o\000r\000m\000\040\000v\000s\000\040\0001\000-\000N\000o\000r\000m}{chapter.9}% 72
\BOOKMARK [1][-]{section.9.3}{\376\377\000A\000n\000a\000l\000y\000s\000i\000s\000\040\000o\000f\000\040\000L\000A\000S\000S\000O}{chapter.9}% 73
\BOOKMARK [1][-]{section.9.4}{\376\377\000G\000e\000o\000m\000e\000t\000r\000y\000\040\000o\000f\000\040\000L\000A\000S\000S\000O}{chapter.9}% 74
\BOOKMARK [0][-]{chapter.10}{\376\377\000A\000d\000v\000a\000n\000c\000e\000d\000\040\000D\000e\000s\000c\000e\000n\000t\000\040\000M\000e\000t\000h\000o\000d\000s}{}% 75
\BOOKMARK [1][-]{section.10.1}{\376\377\000C\000o\000o\000r\000d\000i\000n\000a\000t\000e\000\040\000D\000e\000s\000c\000e\000n\000t}{chapter.10}% 76
\BOOKMARK [1][-]{section.10.2}{\376\377\000N\000e\000w\000t\000o\000n\000'\000s\000\040\000M\000e\000t\000h\000o\000d}{chapter.10}% 77
\BOOKMARK [1][-]{section.10.3}{\376\377\000N\000e\000w\000t\000o\000n\000'\000s\000\040\000M\000e\000t\000h\000o\000d\000\040\000w\000i\000t\000h\000\040\000L\000i\000n\000e\000a\000r\000\040\000E\000q\000u\000a\000l\000i\000t\000y\000\040\000C\000o\000n\000s\000t\000r\000a\000i\000n\000t\000s}{chapter.10}% 78
\BOOKMARK [1][-]{section.10.4}{\376\377\000\050\000O\000P\000T\000I\000O\000N\000A\000L\000\051\000\040\000I\000n\000t\000e\000r\000i\000o\000r\000\040\000P\000o\000i\000n\000t\000\040\000M\000e\000t\000h\000o\000d}{chapter.10}% 79
\BOOKMARK [2][-]{subsection.10.4.1}{\376\377\000B\000a\000r\000r\000i\000e\000r\000\040\000F\000u\000n\000c\000t\000i\000o\000n\000s}{section.10.4}% 80
\BOOKMARK [2][-]{subsection.10.4.2}{\376\377\000B\000a\000r\000r\000i\000e\000r\000\040\000M\000e\000t\000h\000o\000d}{section.10.4}% 81
\BOOKMARK [0][-]{chapter.11}{\376\377\000A\000p\000p\000l\000i\000c\000a\000t\000i\000o\000n\000s}{}% 82
\BOOKMARK [1][-]{section.11.1}{\376\377\000\050\000O\000P\000T\000I\000O\000N\000A\000L\000\051\000\040\000D\000e\000t\000e\000r\000m\000i\000n\000i\000s\000t\000i\000c\000\040\000C\000o\000n\000t\000r\000o\000l\000\040\000a\000n\000d\000\040\000L\000i\000n\000e\000a\000r\000-\000Q\000u\000a\000d\000r\000a\000t\000i\000c\000\040\000R\000e\000g\000u\000l\000a\000t\000o\000r}{chapter.11}% 83
\BOOKMARK [1][-]{section.11.2}{\376\377\000S\000u\000p\000p\000o\000r\000t\000\040\000V\000e\000c\000t\000o\000r\000\040\000M\000a\000c\000h\000i\000n\000e\000s}{chapter.11}% 84
\BOOKMARK [2][-]{subsection.11.2.1}{\376\377\000H\000a\000r\000d\000-\000M\000a\000r\000g\000i\000n\000\040\000S\000V\000M}{section.11.2}% 85
\BOOKMARK [2][-]{subsection.11.2.2}{\376\377\000S\000o\000f\000t\000-\000M\000a\000r\000g\000i\000n\000\040\000S\000V\000M}{section.11.2}% 86
\BOOKMARK [2][-]{subsection.11.2.3}{\376\377\000K\000K\000T\000\040\000C\000o\000n\000d\000i\000t\000i\000o\000n\000s\000\040\000a\000n\000d\000\040\000S\000u\000p\000p\000o\000r\000t\000\040\000V\000e\000c\000t\000o\000r\000s}{section.11.2}% 87
